Arguments: 
  D:\Software\nodejs\node.exe D:\Software\yarn\bin\yarn.js init 0y

PATH: 
  D:\Software\cmder\vendor\git-for-windows\mingw64\bin;D:\Software\cmder\vendor\git-for-windows\usr\bin;C:\Users\83443\bin;C:\WINDOWS\system32;C:\WINDOWS;C:\WINDOWS\System32\Wbem;C:\WINDOWS\System32\WindowsPowerShell\v1.0;C:\WINDOWS\System32\OpenSSH;C:\Program Files\Intel\WiFi\bin;C:\Program Files\Common Files\Intel\WirelessCommon;C:\Program Files\MySQL\MySQL Server 8.0\bin;C:\Program Files\Microsoft SQL Server\130\Tools\Binn;C:\Program Files\Git\cmd;D:\Software\cmder\bin;D:\Software\nodejs;D:\Software\yarn\bin;C:\Program Files\MySQL\MySQL Shell 8.0\bin;C:\Users\83443\AppData\Local\Microsoft\WindowsApps;C:\Users\83443\AppData\Local\Microsoft\WindowsApps;C:\Users\83443\AppData\Local\Programs\Microsoft VS Code\bin;D:\Software\cmder\bin;D:\Software\WebStorm 2020.3\bin;C:\Users\83443\AppData\Roaming\npm;C:\Users\83443\AppData\Local\Yarn\bin

Yarn version: 
  1.22.5

Node version: 
  14.15.3

Platform: 
  win32 x64

Trace: 
  Error: canceled
      at Interface.<anonymous> (D:\Software\yarn\lib\cli.js:137009:13)
      at Interface.emit (events.js:315:20)
      at Interface._ttyWrite (readline.js:875:16)
      at ReadStream.onkeypress (readline.js:213:10)
      at ReadStream.emit (events.js:315:20)
      at emitKeys (internal/readline/utils.js:345:14)
      at emitKeys.next (<anonymous>)
      at ReadStream.onData (readline.js:1144:36)
      at ReadStream.emit (events.js:315:20)
      at addChunk (internal/streams/readable.js:309:12)

npm manifest: 
  No manifest

yarn manifest: 
  No manifest

Lockfile: 
  No lockfile
